<?xml version="1.0" encoding="UTF-8"?>
<!-- Generated by org.testng.reporters.JUnitReportReporter -->
<testsuite hostname="MK-Mozhi" failures="0" tests="1" name="frameWorkCheck.DWS_Email_A_Friend" time="5.964" errors="0" timestamp="2023-11-02T12:35:51 IST" skipped="0">
  <testcase classname="frameWorkCheck.DWS_Email_A_Friend" name="EmailFriend" time="5.964"/>
  <system-out/>
</testsuite> <!-- frameWorkCheck.DWS_Email_A_Friend -->
