<?xml version="1.0" encoding="UTF-8"?>
<!-- Generated by org.testng.reporters.JUnitReportReporter -->
<testsuite hostname="MK-Mozhi" failures="0" tests="3" name="Home.DWS_Login_01_Test" time="3.025" errors="0" timestamp="2023-11-04T15:26:03 IST" skipped="0">
  <testcase classname="Home.DWS_Login_01_Test" name="Login_to_application_with_valid_credential" time="1.193"/>
  <system-out/>
  <testcase classname="Home.DWS_Login_01_Test" name="Login_to_application_with_valid_credential" time="1.029"/>
  <system-out/>
  <testcase classname="Home.DWS_Login_01_Test" name="Login_to_application_with_valid_credential" time="0.803"/>
  <system-out/>
</testsuite> <!-- Home.DWS_Login_01_Test -->
