<?xml version="1.0" encoding="UTF-8"?>
<!-- Generated by org.testng.reporters.JUnitReportReporter -->
<testsuite hostname="MK-Mozhi" failures="0" tests="1" name="Jewelry.DWS_Jewelry_AddtoWishlist_09_Test" time="3.000" errors="0" timestamp="2023-11-03T12:27:35 IST" skipped="0">
  <testcase classname="Jewelry.DWS_Jewelry_AddtoWishlist_09_Test" name="wishlist" time="3.000"/>
  <system-out/>
</testsuite> <!-- Jewelry.DWS_Jewelry_AddtoWishlist_09_Test -->
