<?xml version="1.0" encoding="UTF-8"?>
<!-- Generated by org.testng.reporters.JUnitReportReporter -->
<testsuite hostname="MK-Mozhi" failures="0" tests="3" name="frameWorkCheck.DWS_Login_01_Test" time="4.224" errors="0" timestamp="2023-11-02T14:50:10 IST" skipped="0">
  <testcase classname="frameWorkCheck.DWS_Login_01_Test" name="Login_to_application_with_valid_credential" time="1.465"/>
  <system-out/>
  <testcase classname="frameWorkCheck.DWS_Login_01_Test" name="Login_to_application_with_valid_credential" time="1.417"/>
  <system-out/>
  <testcase classname="frameWorkCheck.DWS_Login_01_Test" name="Login_to_application_with_valid_credential" time="1.342"/>
  <system-out/>
</testsuite> <!-- frameWorkCheck.DWS_Login_01_Test -->
