<?xml version="1.0" encoding="UTF-8"?>
<!-- Generated by org.testng.reporters.JUnitReportReporter -->
<testsuite hostname="MK-Mozhi" failures="0" tests="1" name="Jewelry.DWS_RemoveFromWishList_10_Test" time="6.015" errors="0" timestamp="2023-11-04T13:47:16 IST" skipped="0">
  <testcase classname="Jewelry.DWS_RemoveFromWishList_10_Test" name="RemoveWishlist" time="6.015"/>
  <system-out/>
</testsuite> <!-- Jewelry.DWS_RemoveFromWishList_10_Test -->
