<?xml version="1.0" encoding="UTF-8"?>
<!-- Generated by org.testng.reporters.JUnitReportReporter -->
<testsuite hostname="MK-Mozhi" failures="0" tests="1" name="frameWorkCheck.DWS_Jewelry_AddtoWishlist_09_Test" time="3.577" errors="0" timestamp="2023-11-02T15:03:46 IST" skipped="0">
  <testcase classname="frameWorkCheck.DWS_Jewelry_AddtoWishlist_09_Test" name="wishlist" time="3.577"/>
  <system-out/>
</testsuite> <!-- frameWorkCheck.DWS_Jewelry_AddtoWishlist_09_Test -->
