<?xml version="1.0" encoding="UTF-8"?>
<!-- Generated by org.testng.reporters.JUnitReportReporter -->
<testsuite hostname="MK-Mozhi" failures="0" tests="1" name="frameWorkCheck.DWS_CompareTwoProduct" time="6.685" errors="0" timestamp="2023-11-01T13:56:53 IST" skipped="0">
  <testcase classname="frameWorkCheck.DWS_CompareTwoProduct" name="CompareTwoProduct" time="6.685"/>
  <system-out/>
</testsuite> <!-- frameWorkCheck.DWS_CompareTwoProduct -->
