<?xml version="1.0" encoding="UTF-8"?>
<!-- Generated by org.testng.reporters.JUnitReportReporter -->
<testsuite hostname="MK-Mozhi" failures="0" tests="1" name="frameWorkCheck.DWS_CoumputerRemove_06_Test" time="8.510" errors="0" timestamp="2023-11-02T14:25:14 IST" skipped="0">
  <testcase classname="frameWorkCheck.DWS_CoumputerRemove_06_Test" name="RemoveCompare" time="8.510"/>
  <system-out/>
</testsuite> <!-- frameWorkCheck.DWS_CoumputerRemove_06_Test -->
