<?xml version="1.0" encoding="UTF-8"?>
<!-- Generated by org.testng.reporters.JUnitReportReporter -->
<testsuite hostname="MK-Mozhi" failures="0" tests="1" name="frameWorkCheck.DWS_Coumputer_05_Test" time="6.074" errors="0" timestamp="2023-11-02T14:23:50 IST" skipped="0">
  <testcase classname="frameWorkCheck.DWS_Coumputer_05_Test" name="CompareTwoProduct" time="6.074"/>
  <system-out/>
</testsuite> <!-- frameWorkCheck.DWS_Coumputer_05_Test -->
