<?xml version="1.0" encoding="UTF-8"?>
<!-- Generated by org.testng.reporters.JUnitReportReporter -->
<testsuite hostname="MK-Mozhi" failures="0" tests="1" name="frameWorkCheck.DWS_RegisterPage_02_Test" time="1.477" errors="0" timestamp="2023-11-02T14:50:10 IST" skipped="0">
  <testcase classname="frameWorkCheck.DWS_RegisterPage_02_Test" name="Register_DWS" time="1.477"/>
  <system-out/>
</testsuite> <!-- frameWorkCheck.DWS_RegisterPage_02_Test -->
