<?xml version="1.0" encoding="UTF-8"?>
<!-- Generated by org.testng.reporters.JUnitReportReporter -->
<testsuite hostname="MK-Mozhi" failures="0" tests="1" name="frameWorkCheck.DWS_AddtoCart_03_Test" time="2.816" errors="0" timestamp="2023-11-02T14:23:50 IST" skipped="0">
  <testcase classname="frameWorkCheck.DWS_AddtoCart_03_Test" name="Add_Product_to_AddToCart" time="2.816"/>
  <system-out/>
</testsuite> <!-- frameWorkCheck.DWS_AddtoCart_03_Test -->
