<?xml version="1.0" encoding="UTF-8"?>
<!-- Generated by org.testng.reporters.JUnitReportReporter -->
<testsuite hostname="MK-Mozhi" failures="0" tests="3" name="frameWorkCheck.Excelcheck" time="0.024" errors="0" timestamp="2023-10-27T13:45:59 IST" skipped="0">
  <testcase classname="frameWorkCheck.Excelcheck" name="read" time="0.004"/>
  <system-out/>
  <testcase classname="frameWorkCheck.Excelcheck" name="read" time="0.004"/>
  <system-out/>
  <testcase classname="frameWorkCheck.Excelcheck" name="read" time="0.016"/>
  <system-out/>
</testsuite> <!-- frameWorkCheck.Excelcheck -->
