<?xml version="1.0" encoding="UTF-8"?>
<!-- Generated by org.testng.reporters.JUnitReportReporter -->
<testsuite hostname="MK-Mozhi" failures="0" tests="1" name="frameWorkCheck.DWS_AddtoCartBook_04_test" time="4.026" errors="0" timestamp="2023-11-02T14:23:50 IST" skipped="0">
  <testcase classname="frameWorkCheck.DWS_AddtoCartBook_04_test" name="Book_Addtocart" time="4.026"/>
  <system-out/>
</testsuite> <!-- frameWorkCheck.DWS_AddtoCartBook_04_test -->
